<?xml version="1.0" encoding="UTF-8"?>
<!-- Generated by org.testng.reporters.JUnitXMLReporter -->
<testsuite ignored="0" hostname="QWERTY" failures="0" tests="4" name="Default test" time="52.185" errors="0" timestamp="2026-06-01T15:25:33 IST">
  <testcase classname="Testing_practice.Tira_test" name="multiple_search" time="6.404"/>
  <testcase classname="Testing_practice.Tira_test" name="product_details" time="8.88"/>
  <testcase classname="Testing_practice.Tira_test" name="add_to_cart" time="7.647"/>
  <testcase classname="Testing_practice.Tira_test" name="login" time="8.503"/>
</testsuite> <!-- Default test -->
